05-Mar-2025 13:53:09.514 INFO [main] org.apache.catalina.startup.VersionLoggerListener.log Server version name:   Apache Tomcat/9.0.98
05-Mar-2025 13:53:09.527 INFO [main] org.apache.catalina.startup.VersionLoggerListener.log Server built:          Dec 5 2024 19:50:29 UTC
05-Mar-2025 13:53:09.528 INFO [main] org.apache.catalina.startup.VersionLoggerListener.log Server version number: 9.0.98.0
05-Mar-2025 13:53:09.529 INFO [main] org.apache.catalina.startup.VersionLoggerListener.log OS Name:               Windows 10
05-Mar-2025 13:53:09.529 INFO [main] org.apache.catalina.startup.VersionLoggerListener.log OS Version:            10.0
05-Mar-2025 13:53:09.529 INFO [main] org.apache.catalina.startup.VersionLoggerListener.log Architecture:          amd64
05-Mar-2025 13:53:09.530 INFO [main] org.apache.catalina.startup.VersionLoggerListener.log Java Home:             C:\Program Files\Java\jdk-17.0.2
05-Mar-2025 13:53:09.531 INFO [main] org.apache.catalina.startup.VersionLoggerListener.log JVM Version:           17.0.2+8-LTS-86
05-Mar-2025 13:53:09.531 INFO [main] org.apache.catalina.startup.VersionLoggerListener.log JVM Vendor:            Oracle Corporation
05-Mar-2025 13:53:09.531 INFO [main] org.apache.catalina.startup.VersionLoggerListener.log CATALINA_BASE:         C:\Users\Binuka Lakshan\Downloads\ride-online\ride-online
05-Mar-2025 13:53:09.531 INFO [main] org.apache.catalina.startup.VersionLoggerListener.log CATALINA_HOME:         G:\ICBT\PROGRAMMING\apache-tomcat-9.0.98\apache-tomcat-9.0.98
05-Mar-2025 13:53:09.565 INFO [main] org.apache.catalina.startup.VersionLoggerListener.log Command line argument: --add-opens=java.base/java.lang=ALL-UNNAMED
05-Mar-2025 13:53:09.567 INFO [main] org.apache.catalina.startup.VersionLoggerListener.log Command line argument: --add-opens=java.base/java.io=ALL-UNNAMED
05-Mar-2025 13:53:09.567 INFO [main] org.apache.catalina.startup.VersionLoggerListener.log Command line argument: --add-opens=java.base/java.util=ALL-UNNAMED
05-Mar-2025 13:53:09.567 INFO [main] org.apache.catalina.startup.VersionLoggerListener.log Command line argument: --add-opens=java.base/java.util.concurrent=ALL-UNNAMED
05-Mar-2025 13:53:09.568 INFO [main] org.apache.catalina.startup.VersionLoggerListener.log Command line argument: --add-opens=java.rmi/sun.rmi.transport=ALL-UNNAMED
05-Mar-2025 13:53:09.568 INFO [main] org.apache.catalina.startup.VersionLoggerListener.log Command line argument: -Dcatalina.home=G:\ICBT\PROGRAMMING\apache-tomcat-9.0.98\apache-tomcat-9.0.98
05-Mar-2025 13:53:09.568 INFO [main] org.apache.catalina.startup.VersionLoggerListener.log Command line argument: -Dcatalina.base=C:\Users\Binuka Lakshan\Downloads\ride-online\ride-online
05-Mar-2025 13:53:09.569 INFO [main] org.apache.catalina.startup.VersionLoggerListener.log Command line argument: -Djava.io.tmpdir=C:\Users\Binuka Lakshan\Downloads\ride-online\ride-online\temp
05-Mar-2025 13:53:09.569 INFO [main] org.apache.catalina.startup.VersionLoggerListener.log Command line argument: -Djava.util.logging.config.file=C:\Users\Binuka Lakshan\Downloads\ride-online\ride-online\conf\logging.properties
05-Mar-2025 13:53:09.569 INFO [main] org.apache.catalina.startup.VersionLoggerListener.log Command line argument: -Djava.util.logging.manager=org.apache.juli.ClassLoaderLogManager
05-Mar-2025 13:53:09.570 INFO [main] org.apache.catalina.startup.VersionLoggerListener.log Command line argument: -javaagent:C:\Program Files\JetBrains\IntelliJ IDEA Community Edition 2024.3.1.1\lib\idea_rt.jar=4493:C:\Program Files\JetBrains\IntelliJ IDEA Community Edition 2024.3.1.1\bin
05-Mar-2025 13:53:09.570 INFO [main] org.apache.catalina.startup.VersionLoggerListener.log Command line argument: -Dfile.encoding=UTF-8
05-Mar-2025 13:53:12.338 INFO [main] org.apache.catalina.core.AprLifecycleListener.lifecycleEvent Loaded Apache Tomcat Native library [1.3.1] using APR version [1.7.4].
05-Mar-2025 13:53:12.339 INFO [main] org.apache.catalina.core.AprLifecycleListener.lifecycleEvent APR capabilities: IPv6 [true], sendfile [true], accept filters [false], random [true], UDS [true].
05-Mar-2025 13:53:12.339 INFO [main] org.apache.catalina.core.AprLifecycleListener.lifecycleEvent APR/OpenSSL configuration: useAprConnector [false], useOpenSSL [true]
05-Mar-2025 13:53:12.466 INFO [main] org.apache.catalina.core.AprLifecycleListener.initializeSSL OpenSSL successfully initialized [OpenSSL 3.0.14 4 Jun 2024]
05-Mar-2025 13:53:13.159 INFO [main] org.apache.coyote.AbstractProtocol.init Initializing ProtocolHandler ["http-nio-8080"]
05-Mar-2025 13:53:13.206 INFO [main] org.apache.catalina.startup.Catalina.load Server initialization in [4374] milliseconds
05-Mar-2025 13:53:13.313 INFO [main] org.apache.catalina.core.StandardService.startInternal Starting service [Catalina]
05-Mar-2025 13:53:13.313 INFO [main] org.apache.catalina.core.StandardEngine.startInternal Starting Servlet engine: [Apache Tomcat/9.0.98]
05-Mar-2025 13:53:13.330 INFO [main] org.apache.catalina.startup.HostConfig.deployDescriptor Deploying deployment descriptor [C:\Users\Binuka Lakshan\Downloads\ride-online\ride-online\conf\Catalina\localhost\ride-online.xml]
05-Mar-2025 13:53:15.750 INFO [main] org.apache.jasper.servlet.TldScanner.scanJars At least one JAR was scanned for TLDs yet contained no TLDs. Enable debug logging for this logger for a complete list of JARs that were scanned but no TLDs were found in them. Skipping unneeded JARs during scanning can improve startup time and JSP compilation time.
05-Mar-2025 13:53:16.001 INFO [main] org.apache.catalina.startup.HostConfig.deployDescriptor Deployment of deployment descriptor [C:\Users\Binuka Lakshan\Downloads\ride-online\ride-online\conf\Catalina\localhost\ride-online.xml] has finished in [2,669] ms
05-Mar-2025 13:53:16.008 INFO [main] org.apache.coyote.AbstractProtocol.start Starting ProtocolHandler ["http-nio-8080"]
05-Mar-2025 13:53:16.067 INFO [main] org.apache.catalina.startup.Catalina.start Server startup in [2860] milliseconds
05-Mar-2025 13:54:32.279 INFO [Thread-1] org.apache.coyote.AbstractProtocol.pause Pausing ProtocolHandler ["http-nio-8080"]
05-Mar-2025 13:54:32.546 INFO [Thread-1] org.apache.catalina.core.StandardService.stopInternal Stopping service [Catalina]
05-Mar-2025 13:54:33.229 INFO [Thread-1] org.apache.coyote.AbstractProtocol.stop Stopping ProtocolHandler ["http-nio-8080"]
05-Mar-2025 13:54:33.324 INFO [Thread-1] org.apache.coyote.AbstractProtocol.destroy Destroying ProtocolHandler ["http-nio-8080"]
